{"/home/sam/shadowcat/src/utils/utils.ts": {"path":"/home/sam/shadowcat/src/utils/utils.ts","statementMap":{"0":{"start":{"line":3,"column":2},"end":{"line":7,"column":4}},"1":{"start":{"line":2,"column":0},"end":{"line":2,"column":16}}},"fnMap":{"0":{"name":"format","decl":{"start":{"line":2,"column":16},"end":{"line":2,"column":22}},"loc":{"start":{"line":2,"column":66},"end":{"line":8,"column":1}}}},"branchMap":{"0":{"loc":{"start":{"line":4,"column":5},"end":{"line":4,"column":10}},"type":"binary-expr","locations":[{"start":{"line":4,"column":5},"end":{"line":4,"column":10}},{"start":{"line":4,"column":14},"end":{"line":4,"column":16}}]},"1":{"loc":{"start":{"line":5,"column":14},"end":{"line":5,"column":26}},"type":"cond-expr","locations":[{"start":{"line":5,"column":14},"end":{"line":5,"column":26}},{"start":{"line":5,"column":29},"end":{"line":5,"column":31}}]},"2":{"loc":{"start":{"line":6,"column":12},"end":{"line":6,"column":22}},"type":"cond-expr","locations":[{"start":{"line":6,"column":12},"end":{"line":6,"column":22}},{"start":{"line":6,"column":25},"end":{"line":6,"column":27}}]}},"s":{"0":4,"1":1},"f":{"0":4},"b":{"0":[4,1],"1":[1,3],"2":[2,2]}}
}
